<?xml version="1.0" encoding="UTF-8"?>
<!-- Generated by org.testng.reporters.JUnitXMLReporter -->
<testsuite hostname="LAPTOP-NIPG9B05" name="2.SC002" tests="1" failures="1" timestamp="7 Sep 2017 21:17:38 GMT" time="55.923" errors="0">
  <testcase name="verify_forgotUserName_1005b on [forgotUserName_1005b passed=0 failed=0 skipped=0]" time="45.313" classname="test.scripts.forgotUserName_1005b">
    <failure type="java.lang.AssertionError" message="timeout error: element &amp;apos;btn_OK_alert_UsernameRecovery&amp;apos; not present">
      <![CDATA[java.lang.AssertionError: timeout error: element 'btn_OK_alert_UsernameRecovery' not present
	at test.com.functions.BaseClass.WaitForElementPresent(BaseClass.java:173)
	at test.com.functions.business_functions.usernameRecoveryInvalid(business_functions.java:150)
	at test.scripts.forgotUserName_1005b.verify_forgotUserName_1005b(forgotUserName_1005b.java:214)
	at net.randomsync.testng.excel.ExcelTestNGRunner.run(ExcelTestNGRunner.java:98)
	at main.Mainscript.main(Mainscript.java:13)
... Removed 22 stack frames]]>
    </failure>
  </testcase> <!-- verify_forgotUserName_1005b on [forgotUserName_1005b passed=0 failed=0 skipped=0] -->
</testsuite> <!-- 2.SC002 -->
