<?xml version="1.0" encoding="UTF-8"?>
<testng-results skipped="0" failed="1" total="2" passed="1">
  <reporter-output>
    <line>
      <![CDATA[clicked on 'lnk_forgotUsername']]>
    </line>
    <line>
      <![CDATA['Bill' is entered in 'txt_LegalFirstName_ForgotUserName']]>
    </line>
    <line>
      <![CDATA['Cteqfxfive' is entered in 'txt_LegalLastName_ForgotUserName']]>
    </line>
    <line>
      <![CDATA[dropdown 'lst_DateOfBirth_Month_ForgotUserName' is selected]]>
    </line>
    <line>
      <![CDATA[text 'Sep' is selected from the dropdown 'lst_DateOfBirth_Month_ForgotUserName']]>
    </line>
    <line>
      <![CDATA[dropdown 'lst_DateOfBirth_Day_ForgotUserName' is selected]]>
    </line>
    <line>
      <![CDATA[text '05' is selected from the dropdown 'lst_DateOfBirth_Day_ForgotUserName']]>
    </line>
    <line>
      <![CDATA[dropdown 'lst_DateOfBirth_Year_ForgotUserName' is selected]]>
    </line>
    <line>
      <![CDATA[text '1953' is selected from the dropdown 'lst_DateOfBirth_Year_ForgotUserName']]>
    </line>
    <line>
      <![CDATA['1234' is entered in 'txt_lastFourDigitsofSSN_ForgotUserName']]>
    </line>
    <line>
      <![CDATA['smadhavan@stonemillconsulting.com' is entered in 'txt_EmailAddress_ForgotUserName']]>
    </line>
    <line>
      <![CDATA['x' is entered in 'txt_Mandatory1']]>
    </line>
    <line>
      <![CDATA['y' is entered in 'txt_Mandatory2']]>
    </line>
    <line>
      <![CDATA['x' is entered in 'txt_Mandatory3']]>
    </line>
    <line>
      <![CDATA['a' is entered in 'txt_Mandatory1']]>
    </line>
    <line>
      <![CDATA['a' is entered in 'txt_Mandatory2']]>
    </line>
    <line>
      <![CDATA['a' is entered in 'txt_Mandatory3']]>
    </line>
    <line>
      <![CDATA['y' is entered in 'txt_Mandatory1']]>
    </line>
    <line>
      <![CDATA['y' is entered in 'txt_Mandatory2']]>
    </line>
    <line>
      <![CDATA['y' is entered in 'txt_Mandatory3']]>
    </line>
    <line>
      <![CDATA[clicked on 'lnk_SignIn_HomePg']]>
    </line>
    <line>
      <![CDATA[clicked on 'lnk_forgotUsername']]>
    </line>
    <line>
      <![CDATA[clicked on 'btn_Submit_ForgotUserName']]>
    </line>
    <line>
      <![CDATA[clicked on 'btn_Cancel_ForgotUserName']]>
    </line>
    <line>
      <![CDATA[clicked on 'btn_Yes_popup']]>
    </line>
    <line>
      <![CDATA[clicked on 'lnk_forgotUsername']]>
    </line>
    <line>
      <![CDATA[clicked on 'btn_Cancel_ForgotUserName']]>
    </line>
    <line>
      <![CDATA[clicked on 'btn_No_popup']]>
    </line>
    <line>
      <![CDATA['Craig' is entered in 'txt_LegalFirstName_ForgotUserName']]>
    </line>
    <line>
      <![CDATA['Sample' is entered in 'txt_LegalLastName_ForgotUserName']]>
    </line>
    <line>
      <![CDATA[dropdown 'lst_DateOfBirth_Month_ForgotUserName' is selected]]>
    </line>
    <line>
      <![CDATA[text 'Sep' is selected from the dropdown 'lst_DateOfBirth_Month_ForgotUserName']]>
    </line>
    <line>
      <![CDATA[dropdown 'lst_DateOfBirth_Day_ForgotUserName' is selected]]>
    </line>
    <line>
      <![CDATA[text '15' is selected from the dropdown 'lst_DateOfBirth_Day_ForgotUserName']]>
    </line>
    <line>
      <![CDATA[dropdown 'lst_DateOfBirth_Year_ForgotUserName' is selected]]>
    </line>
    <line>
      <![CDATA[text '1965' is selected from the dropdown 'lst_DateOfBirth_Year_ForgotUserName']]>
    </line>
    <line>
      <![CDATA['1234' is entered in 'txt_lastFourDigitsofSSN_ForgotUserName']]>
    </line>
    <line>
      <![CDATA['gsingh@stonemillconsulting.com' is entered in 'txt_EmailAddress_ForgotUserName']]>
    </line>
    <line>
      <![CDATA[clicked on 'btn_Submit_ForgotUserName']]>
    </line>
    <line>
      <![CDATA[clicked on 'btn_OK_alert_ForgotUserName_Pg2']]>
    </line>
    <line>
      <![CDATA['abc123' is entered in 'txt_LegalFirstName_ForgotUserName']]>
    </line>
    <line>
      <![CDATA['xyzf5' is entered in 'txt_LegalLastName_ForgotUserName']]>
    </line>
    <line>
      <![CDATA[clicked on 'btn_Submit_ForgotUserName']]>
    </line>
    <line>
      <![CDATA[dropdown 'lst_DateOfBirth_Month_ForgotUserName' is selected]]>
    </line>
    <line>
      <![CDATA[text 'Dec' is selected from the dropdown 'lst_DateOfBirth_Month_ForgotUserName']]>
    </line>
    <line>
      <![CDATA[dropdown 'lst_DateOfBirth_Day_ForgotUserName' is selected]]>
    </line>
    <line>
      <![CDATA[text '15' is selected from the dropdown 'lst_DateOfBirth_Day_ForgotUserName']]>
    </line>
    <line>
      <![CDATA[dropdown 'lst_DateOfBirth_Year_ForgotUserName' is selected]]>
    </line>
    <line>
      <![CDATA[text '2003' is selected from the dropdown 'lst_DateOfBirth_Year_ForgotUserName']]>
    </line>
    <line>
      <![CDATA[clicked on 'btn_Submit_ForgotUserName']]>
    </line>
    <line>
      <![CDATA['22' is entered in 'txt_lastFourDigitsofSSN_ForgotUserName']]>
    </line>
    <line>
      <![CDATA['xyz' is entered in 'txt_EmailAddress_ForgotUserName']]>
    </line>
    <line>
      <![CDATA[clicked on 'btn_Submit_ForgotUserName']]>
    </line>
    <line>
      <![CDATA[clicked on 'btn_Submit_ForgotUserName']]>
    </line>
    <line>
      <![CDATA['Bill' is entered in 'txt_LegalFirstName_ForgotUserName']]>
    </line>
    <line>
      <![CDATA['Cteqfxfive' is entered in 'txt_LegalLastName_ForgotUserName']]>
    </line>
    <line>
      <![CDATA[dropdown 'lst_DateOfBirth_Month_ForgotUserName' is selected]]>
    </line>
    <line>
      <![CDATA[text 'Sep' is selected from the dropdown 'lst_DateOfBirth_Month_ForgotUserName']]>
    </line>
    <line>
      <![CDATA[dropdown 'lst_DateOfBirth_Day_ForgotUserName' is selected]]>
    </line>
    <line>
      <![CDATA[text '05' is selected from the dropdown 'lst_DateOfBirth_Day_ForgotUserName']]>
    </line>
    <line>
      <![CDATA[dropdown 'lst_DateOfBirth_Year_ForgotUserName' is selected]]>
    </line>
    <line>
      <![CDATA[text '1953' is selected from the dropdown 'lst_DateOfBirth_Year_ForgotUserName']]>
    </line>
    <line>
      <![CDATA['1234' is entered in 'txt_lastFourDigitsofSSN_ForgotUserName']]>
    </line>
    <line>
      <![CDATA['smadhavan@stonemillconsulting.com' is entered in 'txt_EmailAddress_ForgotUserName']]>
    </line>
    <line>
      <![CDATA[clicked on 'btn_Submit_ForgotUserName_Pg2']]>
    </line>
    <line>
      <![CDATA['q' is entered in 'txt_Mandatory1']]>
    </line>
    <line>
      <![CDATA['b' is entered in 'txt_Mandatory2']]>
    </line>
    <line>
      <![CDATA['c' is entered in 'txt_Mandatory3']]>
    </line>
    <line>
      <![CDATA['q' is entered in 'txt_Mandatory1']]>
    </line>
    <line>
      <![CDATA['b' is entered in 'txt_Mandatory2']]>
    </line>
    <line>
      <![CDATA['c' is entered in 'txt_Mandatory3']]>
    </line>
    <line>
      <![CDATA['q' is entered in 'txt_Mandatory1']]>
    </line>
    <line>
      <![CDATA['b' is entered in 'txt_Mandatory2']]>
    </line>
    <line>
      <![CDATA['c' is entered in 'txt_Mandatory3']]>
    </line>
    <line>
      <![CDATA[clicked on 'lnk_ClickHere_Forgotusername_pg2']]>
    </line>
    <line>
      <![CDATA['112.0' is entered in 'txt_Address_UsernameRecovery']]>
    </line>
    <line>
      <![CDATA['Indianapolis' is entered in 'txt_City_UsernameRecovery']]>
    </line>
    <line>
      <![CDATA[dropdown 'lst_State_UsernameRecovery' is selected]]>
    </line>
    <line>
      <![CDATA[text 'Indiana' is selected from the dropdown 'lst_State_UsernameRecovery']]>
    </line>
    <line>
      <![CDATA['47420.0' is entered in 'txt_Zipcode_UsernameRecovery']]>
    </line>
  </reporter-output>
  <suite name="IUHealth Suite" duration-ms="72190" started-at="2017-09-07T21:16:26Z" finished-at="2017-09-07T21:17:38Z">
    <groups>
    </groups>
    <test name="1.SC001" duration-ms="16253" started-at="2017-09-07T21:16:26Z" finished-at="2017-09-07T21:16:42Z">
      <class name="test.scripts.forgotUserName_1005a">
        <test-method status="PASS" signature="launchApp()[pri:0, instance:[forgotUserName_1005a passed=0 failed=0 skipped=0]]" name="launchApp" is-config="true" duration-ms="7565" started-at="2017-09-07T17:16:26Z" finished-at="2017-09-07T17:16:34Z">
          <reporter-output>
          </reporter-output>
        </test-method> <!-- launchApp -->
        <test-method status="PASS" signature="setup()[pri:0, instance:[forgotUserName_1005a passed=0 failed=0 skipped=0]]" name="setup" is-config="true" duration-ms="97" started-at="2017-09-07T17:16:34Z" finished-at="2017-09-07T17:16:34Z">
          <reporter-output>
          </reporter-output>
        </test-method> <!-- setup -->
        <test-method status="PASS" signature="verify_ForgotUserName()[pri:0, instance:[forgotUserName_1005a passed=0 failed=0 skipped=0]]" name="verify_ForgotUserName" duration-ms="7425" started-at="2017-09-07T17:16:34Z" finished-at="2017-09-07T17:16:41Z">
          <reporter-output>
            <line>
              <![CDATA[clicked on 'lnk_forgotUsername']]>
            </line>
            <line>
              <![CDATA['Bill' is entered in 'txt_LegalFirstName_ForgotUserName']]>
            </line>
            <line>
              <![CDATA['Cteqfxfive' is entered in 'txt_LegalLastName_ForgotUserName']]>
            </line>
            <line>
              <![CDATA[dropdown 'lst_DateOfBirth_Month_ForgotUserName' is selected]]>
            </line>
            <line>
              <![CDATA[text 'Sep' is selected from the dropdown 'lst_DateOfBirth_Month_ForgotUserName']]>
            </line>
            <line>
              <![CDATA[dropdown 'lst_DateOfBirth_Day_ForgotUserName' is selected]]>
            </line>
            <line>
              <![CDATA[text '05' is selected from the dropdown 'lst_DateOfBirth_Day_ForgotUserName']]>
            </line>
            <line>
              <![CDATA[dropdown 'lst_DateOfBirth_Year_ForgotUserName' is selected]]>
            </line>
            <line>
              <![CDATA[text '1953' is selected from the dropdown 'lst_DateOfBirth_Year_ForgotUserName']]>
            </line>
            <line>
              <![CDATA['1234' is entered in 'txt_lastFourDigitsofSSN_ForgotUserName']]>
            </line>
            <line>
              <![CDATA['smadhavan@stonemillconsulting.com' is entered in 'txt_EmailAddress_ForgotUserName']]>
            </line>
            <line>
              <![CDATA['x' is entered in 'txt_Mandatory1']]>
            </line>
            <line>
              <![CDATA['y' is entered in 'txt_Mandatory2']]>
            </line>
            <line>
              <![CDATA['x' is entered in 'txt_Mandatory3']]>
            </line>
            <line>
              <![CDATA['a' is entered in 'txt_Mandatory1']]>
            </line>
            <line>
              <![CDATA['a' is entered in 'txt_Mandatory2']]>
            </line>
            <line>
              <![CDATA['a' is entered in 'txt_Mandatory3']]>
            </line>
            <line>
              <![CDATA['y' is entered in 'txt_Mandatory1']]>
            </line>
            <line>
              <![CDATA['y' is entered in 'txt_Mandatory2']]>
            </line>
            <line>
              <![CDATA['y' is entered in 'txt_Mandatory3']]>
            </line>
          </reporter-output>
        </test-method> <!-- verify_ForgotUserName -->
        <test-method status="PASS" signature="getResult(org.testng.ITestResult)[pri:0, instance:[forgotUserName_1005a passed=0 failed=0 skipped=0]]" name="getResult" is-config="true" duration-ms="426" started-at="2017-09-07T17:16:41Z" finished-at="2017-09-07T17:16:41Z">
          <params>
            <param index="0">
              <value>
                <![CDATA[[TestResult name=verify_ForgotUserName on [forgotUserName_1005a passed=0 failed=0 skipped=0] status=SUCCESS method=forgotUserName_1005a.verify_ForgotUserName()[pri:0, instance:[forgotUserName_1005a passed=0 failed=0 skipped=0]] output=clicked on 'lnk_forgotUsername']]]>
              </value>
            </param>
          </params>
          <reporter-output>
          </reporter-output>
        </test-method> <!-- getResult -->
        <test-method status="PASS" signature="tearDown()[pri:0, instance:[forgotUserName_1005a passed=0 failed=0 skipped=0]]" name="tearDown" is-config="true" duration-ms="725" started-at="2017-09-07T17:16:41Z" finished-at="2017-09-07T17:16:42Z">
          <reporter-output>
          </reporter-output>
        </test-method> <!-- tearDown -->
        <test-method status="PASS" signature="tear()[pri:0, instance:[forgotUserName_1005a passed=0 failed=0 skipped=0]]" name="tear" is-config="true" duration-ms="0" started-at="2017-09-07T17:16:42Z" finished-at="2017-09-07T17:16:42Z">
          <reporter-output>
          </reporter-output>
        </test-method> <!-- tear -->
      </class> <!-- test.scripts.forgotUserName_1005a -->
    </test> <!-- 1.SC001 -->
    <test name="2.SC002" duration-ms="55923" started-at="2017-09-07T21:16:42Z" finished-at="2017-09-07T21:17:38Z">
      <class name="test.scripts.forgotUserName_1005b">
        <test-method status="PASS" signature="setup()[pri:0, instance:[forgotUserName_1005b passed=0 failed=0 skipped=0]]" name="setup" is-config="true" duration-ms="147" started-at="2017-09-07T17:16:42Z" finished-at="2017-09-07T17:16:42Z">
          <reporter-output>
          </reporter-output>
        </test-method> <!-- setup -->
        <test-method status="PASS" signature="launchApp()[pri:0, instance:[forgotUserName_1005b passed=0 failed=0 skipped=0]]" name="launchApp" is-config="true" duration-ms="6488" started-at="2017-09-07T17:16:42Z" finished-at="2017-09-07T17:16:49Z">
          <reporter-output>
          </reporter-output>
        </test-method> <!-- launchApp -->
        <test-method status="FAIL" signature="verify_forgotUserName_1005b()[pri:0, instance:[forgotUserName_1005b passed=0 failed=0 skipped=0]]" name="verify_forgotUserName_1005b" duration-ms="45313" started-at="2017-09-07T17:16:49Z" finished-at="2017-09-07T17:17:34Z">
          <exception class="java.lang.AssertionError">
            <message>
              <![CDATA[timeout error: element 'btn_OK_alert_UsernameRecovery' not present]]>
            </message>
            <full-stacktrace>
              <![CDATA[java.lang.AssertionError: timeout error: element 'btn_OK_alert_UsernameRecovery' not present
	at org.testng.Assert.fail(Assert.java:94)
	at test.com.functions.BaseClass.WaitForElementPresent(BaseClass.java:173)
	at test.com.functions.business_functions.usernameRecoveryInvalid(business_functions.java:150)
	at test.scripts.forgotUserName_1005b.verify_forgotUserName_1005b(forgotUserName_1005b.java:214)
	at sun.reflect.NativeMethodAccessorImpl.invoke0(Native Method)
	at sun.reflect.NativeMethodAccessorImpl.invoke(NativeMethodAccessorImpl.java:62)
	at sun.reflect.DelegatingMethodAccessorImpl.invoke(DelegatingMethodAccessorImpl.java:43)
	at java.lang.reflect.Method.invoke(Method.java:498)
	at org.testng.internal.MethodInvocationHelper.invokeMethod(MethodInvocationHelper.java:85)
	at org.testng.internal.Invoker.invokeMethod(Invoker.java:659)
	at org.testng.internal.Invoker.invokeTestMethod(Invoker.java:845)
	at org.testng.internal.Invoker.invokeTestMethods(Invoker.java:1153)
	at org.testng.internal.TestMethodWorker.invokeTestMethods(TestMethodWorker.java:125)
	at org.testng.internal.TestMethodWorker.run(TestMethodWorker.java:108)
	at org.testng.TestRunner.privateRun(TestRunner.java:771)
	at org.testng.TestRunner.run(TestRunner.java:621)
	at org.testng.SuiteRunner.runTest(SuiteRunner.java:357)
	at org.testng.SuiteRunner.runSequentially(SuiteRunner.java:352)
	at org.testng.SuiteRunner.privateRun(SuiteRunner.java:310)
	at org.testng.SuiteRunner.run(SuiteRunner.java:259)
	at org.testng.SuiteRunnerWorker.runSuite(SuiteRunnerWorker.java:52)
	at org.testng.SuiteRunnerWorker.run(SuiteRunnerWorker.java:86)
	at org.testng.TestNG.runSuitesSequentially(TestNG.java:1199)
	at org.testng.TestNG.runSuitesLocally(TestNG.java:1124)
	at org.testng.TestNG.run(TestNG.java:1032)
	at net.randomsync.testng.excel.ExcelTestNGRunner.run(ExcelTestNGRunner.java:98)
	at main.Mainscript.main(Mainscript.java:13)
]]>
            </full-stacktrace>
          </exception> <!-- java.lang.AssertionError -->
          <reporter-output>
            <line>
              <![CDATA[clicked on 'lnk_SignIn_HomePg']]>
            </line>
            <line>
              <![CDATA[clicked on 'lnk_forgotUsername']]>
            </line>
            <line>
              <![CDATA[clicked on 'btn_Submit_ForgotUserName']]>
            </line>
            <line>
              <![CDATA[clicked on 'btn_Cancel_ForgotUserName']]>
            </line>
            <line>
              <![CDATA[clicked on 'btn_Yes_popup']]>
            </line>
            <line>
              <![CDATA[clicked on 'lnk_forgotUsername']]>
            </line>
            <line>
              <![CDATA[clicked on 'btn_Cancel_ForgotUserName']]>
            </line>
            <line>
              <![CDATA[clicked on 'btn_No_popup']]>
            </line>
            <line>
              <![CDATA['Craig' is entered in 'txt_LegalFirstName_ForgotUserName']]>
            </line>
            <line>
              <![CDATA['Sample' is entered in 'txt_LegalLastName_ForgotUserName']]>
            </line>
            <line>
              <![CDATA[dropdown 'lst_DateOfBirth_Month_ForgotUserName' is selected]]>
            </line>
            <line>
              <![CDATA[text 'Sep' is selected from the dropdown 'lst_DateOfBirth_Month_ForgotUserName']]>
            </line>
            <line>
              <![CDATA[dropdown 'lst_DateOfBirth_Day_ForgotUserName' is selected]]>
            </line>
            <line>
              <![CDATA[text '15' is selected from the dropdown 'lst_DateOfBirth_Day_ForgotUserName']]>
            </line>
            <line>
              <![CDATA[dropdown 'lst_DateOfBirth_Year_ForgotUserName' is selected]]>
            </line>
            <line>
              <![CDATA[text '1965' is selected from the dropdown 'lst_DateOfBirth_Year_ForgotUserName']]>
            </line>
            <line>
              <![CDATA['1234' is entered in 'txt_lastFourDigitsofSSN_ForgotUserName']]>
            </line>
            <line>
              <![CDATA['gsingh@stonemillconsulting.com' is entered in 'txt_EmailAddress_ForgotUserName']]>
            </line>
            <line>
              <![CDATA[clicked on 'btn_Submit_ForgotUserName']]>
            </line>
            <line>
              <![CDATA[clicked on 'btn_OK_alert_ForgotUserName_Pg2']]>
            </line>
            <line>
              <![CDATA['abc123' is entered in 'txt_LegalFirstName_ForgotUserName']]>
            </line>
            <line>
              <![CDATA['xyzf5' is entered in 'txt_LegalLastName_ForgotUserName']]>
            </line>
            <line>
              <![CDATA[clicked on 'btn_Submit_ForgotUserName']]>
            </line>
            <line>
              <![CDATA[dropdown 'lst_DateOfBirth_Month_ForgotUserName' is selected]]>
            </line>
            <line>
              <![CDATA[text 'Dec' is selected from the dropdown 'lst_DateOfBirth_Month_ForgotUserName']]>
            </line>
            <line>
              <![CDATA[dropdown 'lst_DateOfBirth_Day_ForgotUserName' is selected]]>
            </line>
            <line>
              <![CDATA[text '15' is selected from the dropdown 'lst_DateOfBirth_Day_ForgotUserName']]>
            </line>
            <line>
              <![CDATA[dropdown 'lst_DateOfBirth_Year_ForgotUserName' is selected]]>
            </line>
            <line>
              <![CDATA[text '2003' is selected from the dropdown 'lst_DateOfBirth_Year_ForgotUserName']]>
            </line>
            <line>
              <![CDATA[clicked on 'btn_Submit_ForgotUserName']]>
            </line>
            <line>
              <![CDATA['22' is entered in 'txt_lastFourDigitsofSSN_ForgotUserName']]>
            </line>
            <line>
              <![CDATA['xyz' is entered in 'txt_EmailAddress_ForgotUserName']]>
            </line>
            <line>
              <![CDATA[clicked on 'btn_Submit_ForgotUserName']]>
            </line>
            <line>
              <![CDATA[clicked on 'btn_Submit_ForgotUserName']]>
            </line>
            <line>
              <![CDATA['Bill' is entered in 'txt_LegalFirstName_ForgotUserName']]>
            </line>
            <line>
              <![CDATA['Cteqfxfive' is entered in 'txt_LegalLastName_ForgotUserName']]>
            </line>
            <line>
              <![CDATA[dropdown 'lst_DateOfBirth_Month_ForgotUserName' is selected]]>
            </line>
            <line>
              <![CDATA[text 'Sep' is selected from the dropdown 'lst_DateOfBirth_Month_ForgotUserName']]>
            </line>
            <line>
              <![CDATA[dropdown 'lst_DateOfBirth_Day_ForgotUserName' is selected]]>
            </line>
            <line>
              <![CDATA[text '05' is selected from the dropdown 'lst_DateOfBirth_Day_ForgotUserName']]>
            </line>
            <line>
              <![CDATA[dropdown 'lst_DateOfBirth_Year_ForgotUserName' is selected]]>
            </line>
            <line>
              <![CDATA[text '1953' is selected from the dropdown 'lst_DateOfBirth_Year_ForgotUserName']]>
            </line>
            <line>
              <![CDATA['1234' is entered in 'txt_lastFourDigitsofSSN_ForgotUserName']]>
            </line>
            <line>
              <![CDATA['smadhavan@stonemillconsulting.com' is entered in 'txt_EmailAddress_ForgotUserName']]>
            </line>
            <line>
              <![CDATA[clicked on 'btn_Submit_ForgotUserName_Pg2']]>
            </line>
            <line>
              <![CDATA['q' is entered in 'txt_Mandatory1']]>
            </line>
            <line>
              <![CDATA['b' is entered in 'txt_Mandatory2']]>
            </line>
            <line>
              <![CDATA['c' is entered in 'txt_Mandatory3']]>
            </line>
            <line>
              <![CDATA['q' is entered in 'txt_Mandatory1']]>
            </line>
            <line>
              <![CDATA['b' is entered in 'txt_Mandatory2']]>
            </line>
            <line>
              <![CDATA['c' is entered in 'txt_Mandatory3']]>
            </line>
            <line>
              <![CDATA['q' is entered in 'txt_Mandatory1']]>
            </line>
            <line>
              <![CDATA['b' is entered in 'txt_Mandatory2']]>
            </line>
            <line>
              <![CDATA['c' is entered in 'txt_Mandatory3']]>
            </line>
            <line>
              <![CDATA[clicked on 'lnk_ClickHere_Forgotusername_pg2']]>
            </line>
            <line>
              <![CDATA['112.0' is entered in 'txt_Address_UsernameRecovery']]>
            </line>
            <line>
              <![CDATA['Indianapolis' is entered in 'txt_City_UsernameRecovery']]>
            </line>
            <line>
              <![CDATA[dropdown 'lst_State_UsernameRecovery' is selected]]>
            </line>
            <line>
              <![CDATA[text 'Indiana' is selected from the dropdown 'lst_State_UsernameRecovery']]>
            </line>
            <line>
              <![CDATA['47420.0' is entered in 'txt_Zipcode_UsernameRecovery']]>
            </line>
          </reporter-output>
        </test-method> <!-- verify_forgotUserName_1005b -->
        <test-method status="PASS" signature="getResult(org.testng.ITestResult)[pri:0, instance:[forgotUserName_1005b passed=0 failed=0 skipped=0]]" name="getResult" is-config="true" duration-ms="3280" started-at="2017-09-07T17:17:34Z" finished-at="2017-09-07T17:17:37Z">
          <params>
            <param index="0">
              <value>
                <![CDATA[[TestResult name=verify_forgotUserName_1005b on [forgotUserName_1005b passed=0 failed=0 skipped=0] status=FAILURE method=forgotUserName_1005b.verify_forgotUserName_1005b()[pri:0, instance:[forgotUserName_1005b passed=0 failed=0 skipped=0]] output=clicked on 'lnk_SignIn_HomePg']]]>
              </value>
            </param>
          </params>
          <reporter-output>
          </reporter-output>
        </test-method> <!-- getResult -->
        <test-method status="PASS" signature="tearDown()[pri:0, instance:[forgotUserName_1005b passed=0 failed=0 skipped=0]]" name="tearDown" is-config="true" duration-ms="693" started-at="2017-09-07T17:17:37Z" finished-at="2017-09-07T17:17:38Z">
          <reporter-output>
          </reporter-output>
        </test-method> <!-- tearDown -->
        <test-method status="PASS" signature="tear()[pri:0, instance:[forgotUserName_1005b passed=0 failed=0 skipped=0]]" name="tear" is-config="true" duration-ms="1" started-at="2017-09-07T17:17:38Z" finished-at="2017-09-07T17:17:38Z">
          <reporter-output>
          </reporter-output>
        </test-method> <!-- tear -->
      </class> <!-- test.scripts.forgotUserName_1005b -->
    </test> <!-- 2.SC002 -->
  </suite> <!-- IUHealth Suite -->
</testng-results>
